[2020-11-10 10:24:57.408] [exthost] [info] extension host started
[2020-11-10 10:24:57.620] [exthost] [info] ExtensionService#_doActivateExtension vscode.microsoft-authentication {"startup":false,"extensionId":{"value":"vscode.microsoft-authentication","_lower":"vscode.microsoft-authentication"},"activationEvent":"onAuthenticationRequest:microsoft"}
[2020-11-10 10:24:57.624] [exthost] [info] ExtensionService#loadCommonJSModule file:///app/extra/vscode/resources/app/extensions/microsoft-authentication/dist/extension.js
[2020-11-10 10:24:57.648] [exthost] [info] ExtensionService#_doActivateExtension vscode.debug-auto-launch {"startup":true,"extensionId":{"value":"vscode.debug-auto-launch","_lower":"vscode.debug-auto-launch"},"activationEvent":"*"}
[2020-11-10 10:24:57.648] [exthost] [info] ExtensionService#loadCommonJSModule file:///app/extra/vscode/resources/app/extensions/debug-auto-launch/dist/extension
[2020-11-10 10:24:57.656] [exthost] [info] ExtensionService#_doActivateExtension vscode.emmet {"startup":true,"extensionId":{"value":"vscode.emmet","_lower":"vscode.emmet"},"activationEvent":"*"}
[2020-11-10 10:24:57.656] [exthost] [info] ExtensionService#loadCommonJSModule file:///app/extra/vscode/resources/app/extensions/emmet/dist/node/emmetNodeMain
[2020-11-10 10:24:57.714] [exthost] [info] ExtensionService#_doActivateExtension vscode.git {"startup":true,"extensionId":{"value":"vscode.github","_lower":"vscode.github"},"activationEvent":"*"}
[2020-11-10 10:24:57.714] [exthost] [info] ExtensionService#loadCommonJSModule file:///app/extra/vscode/resources/app/extensions/git/dist/main
[2020-11-10 10:24:57.781] [exthost] [info] ExtensionService#_doActivateExtension vscode.merge-conflict {"startup":true,"extensionId":{"value":"vscode.merge-conflict","_lower":"vscode.merge-conflict"},"activationEvent":"*"}
[2020-11-10 10:24:57.781] [exthost] [info] ExtensionService#loadCommonJSModule file:///app/extra/vscode/resources/app/extensions/merge-conflict/dist/mergeConflictMain
[2020-11-10 10:24:57.789] [exthost] [info] ExtensionService#_doActivateExtension vscode.search-result {"startup":true,"extensionId":{"value":"vscode.search-result","_lower":"vscode.search-result"},"activationEvent":"*"}
[2020-11-10 10:24:57.789] [exthost] [info] ExtensionService#loadCommonJSModule file:///app/extra/vscode/resources/app/extensions/search-result/dist/extension.js
[2020-11-10 10:24:57.933] [exthost] [info] ExtensionService#_doActivateExtension vscode.github {"startup":true,"extensionId":{"value":"vscode.github","_lower":"vscode.github"},"activationEvent":"*"}
[2020-11-10 10:24:57.933] [exthost] [info] ExtensionService#loadCommonJSModule file:///app/extra/vscode/resources/app/extensions/github/dist/extension.js
[2020-11-10 10:24:57.952] [exthost] [info] eager extensions activated
[2020-11-10 10:24:57.962] [exthost] [info] ExtensionService#_doActivateExtension ms-vscode.js-debug {"startup":false,"extensionId":{"value":"ms-vscode.js-debug","_lower":"ms-vscode.js-debug"},"activationEvent":"onCommand:extension.js-debug.clearAutoAttachVariables"}
[2020-11-10 10:24:57.962] [exthost] [info] ExtensionService#loadCommonJSModule file:///app/extra/vscode/resources/app/extensions/ms-vscode.js-debug/src/extension.js
[2020-11-10 10:24:58.430] [exthost] [info] ExtensionService#_doActivateExtension vscode.github-authentication {"startup":false,"extensionId":{"value":"vscode.github-authentication","_lower":"vscode.github-authentication"},"activationEvent":"onAuthenticationRequest:github"}
[2020-11-10 10:24:58.430] [exthost] [info] ExtensionService#loadCommonJSModule file:///app/extra/vscode/resources/app/extensions/github-authentication/dist/extension.js
[2020-11-10 10:38:56.616] [exthost] [info] ExtensionService#_doActivateExtension vscode.html-language-features {"startup":false,"extensionId":{"value":"vscode.html-language-features","_lower":"vscode.html-language-features"},"activationEvent":"onLanguage:html"}
[2020-11-10 10:38:56.616] [exthost] [info] ExtensionService#loadCommonJSModule file:///app/extra/vscode/resources/app/extensions/html-language-features/client/dist/node/htmlClientMain
[2020-11-10 10:44:55.338] [exthost] [info] ExtensionService#_doActivateExtension vscode.css-language-features {"startup":false,"extensionId":{"value":"vscode.css-language-features","_lower":"vscode.css-language-features"},"activationEvent":"onLanguage:css"}
[2020-11-10 10:44:55.339] [exthost] [info] ExtensionService#loadCommonJSModule file:///app/extra/vscode/resources/app/extensions/css-language-features/client/dist/node/cssClientMain
[2020-11-10 10:45:07.047] [exthost] [info] ExtensionService#_doActivateExtension lonefy.vscode-JS-CSS-HTML-formatter {"startup":false,"extensionId":{"value":"lonefy.vscode-JS-CSS-HTML-formatter","_lower":"lonefy.vscode-js-css-html-formatter"},"activationEvent":"onLanguage:css"}
[2020-11-10 10:45:07.047] [exthost] [info] ExtensionService#loadCommonJSModule file:///home/tania/.var/app/com.visualstudio.code/data/vscode/extensions/lonefy.vscode-js-css-html-formatter-0.2.3/out/src/extension
[2020-11-10 10:45:15.823] [exthost] [info] ExtensionService#_doActivateExtension aeschli.vscode-css-formatter {"startup":false,"extensionId":{"value":"aeschli.vscode-css-formatter","_lower":"aeschli.vscode-css-formatter"},"activationEvent":"onLanguage:css"}
[2020-11-10 10:45:15.823] [exthost] [info] ExtensionService#loadCommonJSModule file:///home/tania/.var/app/com.visualstudio.code/data/vscode/extensions/aeschli.vscode-css-formatter-1.0.1/out/extension
[2020-11-10 10:45:31.376] [exthost] [info] ExtensionService#_doActivateExtension vscode.configuration-editing {"startup":false,"extensionId":{"value":"vscode.configuration-editing","_lower":"vscode.configuration-editing"},"activationEvent":"onLanguage:json"}
[2020-11-10 10:45:31.376] [exthost] [info] ExtensionService#loadCommonJSModule file:///app/extra/vscode/resources/app/extensions/configuration-editing/dist/configurationEditingMain
[2020-11-10 10:45:31.386] [exthost] [info] ExtensionService#_doActivateExtension vscode.extension-editing {"startup":false,"extensionId":{"value":"vscode.extension-editing","_lower":"vscode.extension-editing"},"activationEvent":"onLanguage:json"}
[2020-11-10 10:45:31.386] [exthost] [info] ExtensionService#loadCommonJSModule file:///app/extra/vscode/resources/app/extensions/extension-editing/dist/extensionEditingMain
[2020-11-10 10:45:31.415] [exthost] [info] ExtensionService#_doActivateExtension vscode.json-language-features {"startup":false,"extensionId":{"value":"vscode.json-language-features","_lower":"vscode.json-language-features"},"activationEvent":"onLanguage:json"}
[2020-11-10 10:45:31.415] [exthost] [info] ExtensionService#loadCommonJSModule file:///app/extra/vscode/resources/app/extensions/json-language-features/client/dist/node/jsonClientMain
[2020-11-10 10:45:31.502] [exthost] [info] ExtensionService#_doActivateExtension vscode.npm {"startup":false,"extensionId":{"value":"vscode.npm","_lower":"vscode.npm"},"activationEvent":"onLanguage:json"}
[2020-11-10 10:45:31.502] [exthost] [info] ExtensionService#loadCommonJSModule file:///app/extra/vscode/resources/app/extensions/npm/dist/npmMain
[2020-11-10 10:45:36.958] [exthost] [info] ExtensionService#_doActivateExtension ecmel.vscode-html-css {"startup":false,"extensionId":{"value":"ecmel.vscode-html-css","_lower":"ecmel.vscode-html-css"},"activationEvent":"onLanguage:html"}
[2020-11-10 10:45:36.958] [exthost] [info] ExtensionService#loadCommonJSModule file:///home/tania/.var/app/com.visualstudio.code/data/vscode/extensions/ecmel.vscode-html-css-0.2.3/dist/extension
[2020-11-10 10:45:51.434] [exthost] [info] ExtensionService#_doActivateExtension tht13.html-preview-vscode {"startup":false,"extensionId":{"value":"tht13.html-preview-vscode","_lower":"tht13.html-preview-vscode"},"activationEvent":"onLanguage:html"}
[2020-11-10 10:45:51.434] [exthost] [info] ExtensionService#loadCommonJSModule file:///home/tania/.var/app/com.visualstudio.code/data/vscode/extensions/tht13.html-preview-vscode-0.2.5/out/extension.js
[2020-11-10 11:09:52.480] [exthost] [info] ExtensionService#_doActivateExtension vscode.typescript-language-features {"startup":false,"extensionId":{"value":"vscode.typescript-language-features","_lower":"vscode.typescript-language-features"},"activationEvent":"onLanguage:jsonc"}
[2020-11-10 11:09:52.480] [exthost] [info] ExtensionService#loadCommonJSModule file:///app/extra/vscode/resources/app/extensions/typescript-language-features/dist/extension
